"2020-03-11 09:13:29 - Starting ImageManagementApplication on vinayprajapati with PID 16304 (E:\ImageManagement\target\classes started by vinayprajapati in E:\ImageManagement)
""2020-03-11 09:13:29 - No active profile set, falling back to default profiles: default
""2020-03-11 09:13:30 - Multiple Spring Data modules found, entering strict repository configuration mode!
""2020-03-11 09:13:30 - Bootstrapping Spring Data JPA repositories in DEFAULT mode.
""2020-03-11 09:13:30 - Finished Spring Data repository scanning in 82ms. Found 2 JPA repository interfaces.
""2020-03-11 09:13:30 - Multiple Spring Data modules found, entering strict repository configuration mode!
""2020-03-11 09:13:30 - Bootstrapping Spring Data LDAP repositories in DEFAULT mode.
""2020-03-11 09:13:30 - Spring Data LDAP - Could not safely identify store assignment for repository candidate interface com.nagarro.dao.ImageDao. If you want this repository to be a LDAP repository, consider annotating your entities with one of these annotations: org.springframework.ldap.odm.annotations.Entry (preferred), or consider extending one of the following types with your repository: org.springframework.data.ldap.repository.LdapRepository.
""2020-03-11 09:13:30 - Spring Data LDAP - Could not safely identify store assignment for repository candidate interface com.nagarro.dao.UserDao. If you want this repository to be a LDAP repository, consider annotating your entities with one of these annotations: org.springframework.ldap.odm.annotations.Entry (preferred), or consider extending one of the following types with your repository: org.springframework.data.ldap.repository.LdapRepository.
""2020-03-11 09:13:30 - Finished Spring Data repository scanning in 9ms. Found 0 LDAP repository interfaces.
""2020-03-11 09:13:30 - Tomcat initialized with port(s): 8080 (http)
""2020-03-11 09:13:30 - Starting service [Tomcat]
""2020-03-11 09:13:30 - Starting Servlet engine: [Apache Tomcat/9.0.31]
""2020-03-11 09:13:31 - At least one JAR was scanned for TLDs yet contained no TLDs. Enable debug logging for this logger for a complete list of JARs that were scanned but no TLDs were found in them. Skipping unneeded JARs during scanning can improve startup time and JSP compilation time.
""2020-03-11 09:13:31 - Initializing Spring embedded WebApplicationContext
""2020-03-11 09:13:31 - Root WebApplicationContext: initialization completed in 1956 ms
""2020-03-11 09:13:31 - Property 'userDn' not set - anonymous context will be used for read-write operations
""2020-03-11 09:13:31 - HHH000204: Processing PersistenceUnitInfo [name: default]
""2020-03-11 09:13:31 - HHH000412: Hibernate ORM core version 5.4.12.Final
""2020-03-11 09:13:32 - HCANN000001: Hibernate Commons Annotations {5.1.0.Final}
""2020-03-11 09:13:32 - HikariPool-1 - Starting...
""2020-03-11 09:13:32 - HikariPool-1 - Start completed.
""2020-03-11 09:13:32 - HHH000400: Using dialect: org.hibernate.dialect.MySQL5InnoDBDialect
""2020-03-11 09:13:33 - HHH000490: Using JtaPlatform implementation: [org.hibernate.engine.transaction.jta.platform.internal.NoJtaPlatform]
""2020-03-11 09:13:33 - Initialized JPA EntityManagerFactory for persistence unit 'default'
""2020-03-11 09:13:34 - Creating filter chain: any request, [org.springframework.security.web.context.request.async.WebAsyncManagerIntegrationFilter@7440265c, org.springframework.security.web.context.SecurityContextPersistenceFilter@46524ebe, org.springframework.security.web.header.HeaderWriterFilter@4cb4c4cc, org.springframework.security.web.authentication.logout.LogoutFilter@4bf8b77, org.springframework.security.web.authentication.UsernamePasswordAuthenticationFilter@72a3462f, org.springframework.security.web.authentication.ui.DefaultLoginPageGeneratingFilter@15f519f7, org.springframework.security.web.authentication.ui.DefaultLogoutPageGeneratingFilter@1d8be7b9, org.springframework.security.web.savedrequest.RequestCacheAwareFilter@280ecc33, org.springframework.security.web.servletapi.SecurityContextHolderAwareRequestFilter@2211b44f, org.springframework.security.web.authentication.AnonymousAuthenticationFilter@48277712, org.springframework.security.web.session.SessionManagementFilter@41be8db9, org.springframework.security.web.access.ExceptionTranslationFilter@70cf7d1e, org.springframework.security.web.access.intercept.FilterSecurityInterceptor@5c1c9881]
""2020-03-11 09:13:34 - Initializing ExecutorService 'applicationTaskExecutor'
""2020-03-11 09:13:34 - Adding welcome page template: index
""2020-03-11 09:13:35 - Exposing 2 endpoint(s) beneath base path '/actuator'
""2020-03-11 09:13:35 - Tomcat started on port(s): 8080 (http) with context path ''
""2020-03-11 09:13:35 - Started ImageManagementApplication in 6.267 seconds (JVM running for 7.251)
""2020-03-11 09:13:35 - Initializing Spring DispatcherServlet 'dispatcherServlet'
""2020-03-11 09:13:35 - Initializing Servlet 'dispatcherServlet'
""2020-03-11 09:13:35 - Completed initialization in 12 ms
"